<?xml version="1.0" encoding="UTF-8"?>
<!-- Generated by org.testng.reporters.JUnitReportReporter -->
<testsuite skipped="0" hostname="DESKTOP-JE9LDSF" name="COM_SELENIUM.TestNG" tests="1" failures="0" timestamp="12 Feb 2019 17:29:03 GMT" time="0.013" errors="0">
  <testcase name="testmethod" time="0.013" classname="COM_SELENIUM.TestNG"/>
</testsuite> <!-- COM_SELENIUM.TestNG -->
